[15:44:14] [main/INFO]: Setting user: Player185
[15:44:17] [main/WARN]: Skipping bad option: lastServer:
[15:44:17] [main/INFO]: LWJGL Version: 2.9.4
[15:44:19] [main/INFO]: Reloading ResourceManager: Default, FMLFileResourcePack:Forge Mod Loader, FMLFileResourcePack:Minecraft Forge, FMLFileResourcePack:OreScape, FMLFileResourcePack:ToroHealth Damage Indicators
[15:44:21] [Sound Library Loader/INFO]: Starting up SoundSystem...
[15:44:21] [Thread-5/INFO]: Initializing LWJGL OpenAL
[15:44:21] [Thread-5/INFO]: (The LWJGL binding of OpenAL.  For more information, see http://www.lwjgl.org)
[15:44:21] [Thread-5/INFO]: OpenAL initialized.
[15:44:21] [Sound Library Loader/INFO]: Sound engine started
[15:44:24] [main/INFO]: Created: 1024x512 textures-atlas
[15:44:25] [main/WARN]: Skipping bad option: lastServer:
[15:44:26] [main/INFO]: Narrator library for x64 successfully loaded
[15:44:26] [Realms Notification Availability checker #1/INFO]: Could not authorize you against Realms server: Invalid session id
[15:44:29] [Server thread/INFO]: Starting integrated minecraft server version 1.12.2
[15:44:29] [Server thread/INFO]: Generating keypair
[15:44:29] [Server thread/INFO]: Loaded 488 advancements
[15:44:29] [Server thread/INFO]: Preparing start region for level 0
[15:44:30] [Server thread/INFO]: Changing view distance to 12, from 10
[15:44:31] [Server thread/INFO]: Player185[local:E:60e095e0] logged in with entity id 208 at (-24.31895977187862, 75.11650136792812, -32.800484623221145)
[15:44:31] [Server thread/INFO]: Player185 joined the game
[15:44:32] [Server thread/INFO]: Saving and pausing game...
[15:44:32] [Server thread/INFO]: Saving chunks for level 'OS'/overworld
[15:44:32] [Server thread/INFO]: Saving chunks for level 'OS'/the_nether
[15:44:32] [Server thread/INFO]: Saving chunks for level 'OS'/the_end
[15:44:32] [main/INFO]: Loaded 10 advancements
[15:44:32] [pool-2-thread-1/WARN]: Couldn't look up profile properties for com.mojang.authlib.GameProfile@5ce6c942[id=8c6477df-589c-387e-8235-e07170c95726,name=Player185,properties={},legacy=false]
com.mojang.authlib.exceptions.AuthenticationException: The client has sent too many requests within a certain amount of time
	at com.mojang.authlib.yggdrasil.YggdrasilAuthenticationService.makeRequest(YggdrasilAuthenticationService.java:79) ~[YggdrasilAuthenticationService.class:?]
	at com.mojang.authlib.yggdrasil.YggdrasilMinecraftSessionService.fillGameProfile(YggdrasilMinecraftSessionService.java:180) [YggdrasilMinecraftSessionService.class:?]
	at com.mojang.authlib.yggdrasil.YggdrasilMinecraftSessionService$1.load(YggdrasilMinecraftSessionService.java:60) [YggdrasilMinecraftSessionService$1.class:?]
	at com.mojang.authlib.yggdrasil.YggdrasilMinecraftSessionService$1.load(YggdrasilMinecraftSessionService.java:57) [YggdrasilMinecraftSessionService$1.class:?]
	at com.google.common.cache.LocalCache$LoadingValueReference.loadFuture(LocalCache.java:3716) [guava-21.0.jar:?]
	at com.google.common.cache.LocalCache$Segment.loadSync(LocalCache.java:2424) [guava-21.0.jar:?]
	at com.google.common.cache.LocalCache$Segment.lockedGetOrLoad(LocalCache.java:2298) [guava-21.0.jar:?]
	at com.google.common.cache.LocalCache$Segment.get(LocalCache.java:2211) [guava-21.0.jar:?]
	at com.google.common.cache.LocalCache.get(LocalCache.java:4154) [guava-21.0.jar:?]
	at com.google.common.cache.LocalCache.getOrLoad(LocalCache.java:4158) [guava-21.0.jar:?]
	at com.google.common.cache.LocalCache$LocalLoadingCache.get(LocalCache.java:5147) [guava-21.0.jar:?]
	at com.google.common.cache.LocalCache$LocalLoadingCache.getUnchecked(LocalCache.java:5153) [guava-21.0.jar:?]
	at com.mojang.authlib.yggdrasil.YggdrasilMinecraftSessionService.fillProfileProperties(YggdrasilMinecraftSessionService.java:170) [YggdrasilMinecraftSessionService.class:?]
	at net.minecraft.client.Minecraft.getProfileProperties(Minecraft.java:3190) [Minecraft.class:?]
	at net.minecraft.client.resources.SkinManager$3.run(SkinManager.java:138) [SkinManager$3.class:?]
	at java.util.concurrent.Executors$RunnableAdapter.call(Unknown Source) [?:1.8.0_151]
	at java.util.concurrent.FutureTask.run(Unknown Source) [?:1.8.0_151]
	at java.util.concurrent.ThreadPoolExecutor.runWorker(Unknown Source) [?:1.8.0_151]
	at java.util.concurrent.ThreadPoolExecutor$Worker.run(Unknown Source) [?:1.8.0_151]
	at java.lang.Thread.run(Unknown Source) [?:1.8.0_151]
[15:44:34] [Server thread/INFO]: Player185 has made the advancement [Take Aim]
[15:44:34] [main/INFO]: [CHAT] Player185 has made the advancement [Take Aim]
[15:44:35] [main/INFO]: Loaded 14 advancements
[15:44:53] [Server thread/INFO]: Player185 has made the advancement [Monster Hunter]
[15:44:53] [main/INFO]: [CHAT] Player185 has made the advancement [Monster Hunter]
[15:44:53] [main/INFO]: Loaded 20 advancements
[15:45:01] [main/INFO]: Loaded 20 advancements
[15:45:18] [Server thread/INFO]: Saving and pausing game...
[15:45:18] [Server thread/INFO]: Saving chunks for level 'OS'/overworld
[15:45:18] [Server thread/INFO]: Saving chunks for level 'OS'/the_nether
[15:45:18] [Server thread/INFO]: Saving chunks for level 'OS'/the_end
[15:45:21] [Server thread/INFO]: Stopping server
[15:45:21] [Server thread/INFO]: Saving players
[15:45:21] [Server thread/INFO]: Player185 lost connection: Disconnected
[15:45:21] [Server thread/INFO]: Player185 left the game
[15:45:21] [Server thread/INFO]: Stopping singleplayer server as player logged out
[15:45:21] [Server thread/INFO]: Saving worlds
[15:45:21] [Server thread/INFO]: Saving chunks for level 'OS'/overworld
[15:45:21] [Server thread/INFO]: Saving chunks for level 'OS'/the_nether
[15:45:21] [Server thread/INFO]: Saving chunks for level 'OS'/the_end
