[04:44:54] [main/INFO]: Setting user: Player780
[04:44:57] [main/WARN]: Skipping bad option: lastServer:
[04:44:57] [main/INFO]: LWJGL Version: 2.9.4
[04:45:00] [main/INFO]: Reloading ResourceManager: Default, FMLFileResourcePack:Forge Mod Loader, FMLFileResourcePack:Minecraft Forge, FMLFileResourcePack:OreScape, FMLFileResourcePack:ToroHealth Damage Indicators
[04:45:02] [Sound Library Loader/INFO]: Starting up SoundSystem...
[04:45:02] [Thread-5/INFO]: Initializing LWJGL OpenAL
[04:45:02] [Thread-5/INFO]: (The LWJGL binding of OpenAL.  For more information, see http://www.lwjgl.org)
[04:45:02] [Thread-5/INFO]: OpenAL initialized.
[04:45:02] [Sound Library Loader/INFO]: Sound engine started
[04:45:05] [main/INFO]: Created: 1024x512 textures-atlas
[04:45:06] [main/WARN]: Skipping bad option: lastServer:
[04:45:07] [main/INFO]: Narrator library for x64 successfully loaded
[04:45:07] [Realms Notification Availability checker #1/INFO]: Could not authorize you against Realms server: Invalid session id
[04:45:09] [Server thread/INFO]: Starting integrated minecraft server version 1.12.2
[04:45:09] [Server thread/INFO]: Generating keypair
[04:45:10] [Server thread/INFO]: Loaded 488 advancements
[04:45:10] [Server thread/INFO]: Preparing start region for level 0
[04:45:11] [Server thread/INFO]: Changing view distance to 12, from 10
[04:45:12] [Server thread/INFO]: Player780[local:E:56e2da58] logged in with entity id 184 at (-1570.5073529343938, 4.0, 50.59158767199624)
[04:45:12] [Server thread/INFO]: Player780 joined the game
[04:45:12] [Server thread/INFO]: Saving and pausing game...
[04:45:12] [Server thread/INFO]: Saving chunks for level 'New World'/overworld
[04:45:12] [Server thread/INFO]: Saving chunks for level 'New World'/the_nether
[04:45:12] [Server thread/INFO]: Saving chunks for level 'New World'/the_end
[04:45:12] [main/INFO]: Loaded 13 advancements
[04:45:12] [pool-2-thread-1/WARN]: Couldn't look up profile properties for com.mojang.authlib.GameProfile@566f4fd4[id=6dc954f4-181a-3c6c-99e2-951f7202b4c5,name=Player780,properties={},legacy=false]
com.mojang.authlib.exceptions.AuthenticationException: The client has sent too many requests within a certain amount of time
	at com.mojang.authlib.yggdrasil.YggdrasilAuthenticationService.makeRequest(YggdrasilAuthenticationService.java:79) ~[YggdrasilAuthenticationService.class:?]
	at com.mojang.authlib.yggdrasil.YggdrasilMinecraftSessionService.fillGameProfile(YggdrasilMinecraftSessionService.java:180) [YggdrasilMinecraftSessionService.class:?]
	at com.mojang.authlib.yggdrasil.YggdrasilMinecraftSessionService$1.load(YggdrasilMinecraftSessionService.java:60) [YggdrasilMinecraftSessionService$1.class:?]
	at com.mojang.authlib.yggdrasil.YggdrasilMinecraftSessionService$1.load(YggdrasilMinecraftSessionService.java:57) [YggdrasilMinecraftSessionService$1.class:?]
	at com.google.common.cache.LocalCache$LoadingValueReference.loadFuture(LocalCache.java:3716) [guava-21.0.jar:?]
	at com.google.common.cache.LocalCache$Segment.loadSync(LocalCache.java:2424) [guava-21.0.jar:?]
	at com.google.common.cache.LocalCache$Segment.lockedGetOrLoad(LocalCache.java:2298) [guava-21.0.jar:?]
	at com.google.common.cache.LocalCache$Segment.get(LocalCache.java:2211) [guava-21.0.jar:?]
	at com.google.common.cache.LocalCache.get(LocalCache.java:4154) [guava-21.0.jar:?]
	at com.google.common.cache.LocalCache.getOrLoad(LocalCache.java:4158) [guava-21.0.jar:?]
	at com.google.common.cache.LocalCache$LocalLoadingCache.get(LocalCache.java:5147) [guava-21.0.jar:?]
	at com.google.common.cache.LocalCache$LocalLoadingCache.getUnchecked(LocalCache.java:5153) [guava-21.0.jar:?]
	at com.mojang.authlib.yggdrasil.YggdrasilMinecraftSessionService.fillProfileProperties(YggdrasilMinecraftSessionService.java:170) [YggdrasilMinecraftSessionService.class:?]
	at net.minecraft.client.Minecraft.getProfileProperties(Minecraft.java:3190) [Minecraft.class:?]
	at net.minecraft.client.resources.SkinManager$3.run(SkinManager.java:138) [SkinManager$3.class:?]
	at java.util.concurrent.Executors$RunnableAdapter.call(Unknown Source) [?:1.8.0_151]
	at java.util.concurrent.FutureTask.run(Unknown Source) [?:1.8.0_151]
	at java.util.concurrent.ThreadPoolExecutor.runWorker(Unknown Source) [?:1.8.0_151]
	at java.util.concurrent.ThreadPoolExecutor$Worker.run(Unknown Source) [?:1.8.0_151]
	at java.lang.Thread.run(Unknown Source) [?:1.8.0_151]
[04:45:43] [Server thread/INFO]: Saving and pausing game...
[04:45:43] [Server thread/INFO]: Saving chunks for level 'New World'/overworld
[04:45:43] [Server thread/INFO]: Saving chunks for level 'New World'/the_nether
[04:45:43] [Server thread/INFO]: Saving chunks for level 'New World'/the_end
[04:47:03] [main/INFO]: Loaded 14 advancements
[04:47:14] [Server thread/INFO]: Saving and pausing game...
[04:47:14] [Server thread/INFO]: Saving chunks for level 'New World'/overworld
[04:47:14] [Server thread/INFO]: Saving chunks for level 'New World'/the_nether
[04:47:14] [Server thread/INFO]: Saving chunks for level 'New World'/the_end
[04:47:33] [Server thread/INFO]: Saving and pausing game...
[04:47:33] [Server thread/INFO]: Saving chunks for level 'New World'/overworld
[04:47:33] [Server thread/INFO]: Saving chunks for level 'New World'/the_nether
[04:47:33] [Server thread/INFO]: Saving chunks for level 'New World'/the_end
[04:49:41] [main/INFO]: Stopping!
[04:49:41] [Server thread/INFO]: Stopping server
[04:49:41] [Server thread/INFO]: Saving players
[04:49:41] [Server thread/INFO]: Saving worlds
[04:49:41] [Server thread/INFO]: Saving chunks for level 'New World'/overworld
[04:49:41] [Server thread/INFO]: Saving chunks for level 'New World'/the_nether
[04:49:41] [Server thread/INFO]: Saving chunks for level 'New World'/the_end
[04:49:41] [main/INFO]: SoundSystem shutting down...
[04:49:41] [main/WARN]: Author: Paul Lamb, www.paulscode.com
